<?xml version="1.0" encoding="UTF-8"?>
<!-- Generated by org.testng.reporters.JUnitReportReporter -->
<testsuite hostname="DESKTOP-H3GIJ8P" failures="0" tests="1" name="com.syntax.class01.HW_1" time="14.070" errors="0" timestamp="2020-05-20T19:08:23 EDT" skipped="0">
  <testcase classname="com.syntax.class01.HW_1" name="welcomeAdminDisplay" time="14.070"/>
  <system-out/>
</testsuite> <!-- com.syntax.class01.HW_1 -->
