<?xml version="1.0" encoding="UTF-8"?>
<!-- Generated by org.testng.reporters.JUnitReportReporter -->
<testsuite hostname="DESKTOP-H3GIJ8P" failures="0" tests="2" name="com.syntax.class03.GroupsDemo" time="0.015" errors="0" timestamp="2020-05-26T20:53:09 EDT" skipped="0">
  <testcase classname="com.syntax.class03.GroupsDemo" name="test2" time="0.012"/>
  <system-out/>
  <testcase classname="com.syntax.class03.GroupsDemo" name="test4" time="0.003"/>
  <system-out/>
</testsuite> <!-- com.syntax.class03.GroupsDemo -->
