<?xml version="1.0" encoding="UTF-8"?>
<!-- Generated by org.testng.reporters.JUnitReportReporter -->
<testsuite hostname="DESKTOP-H3GIJ8P" failures="0" tests="2" name="com.syntax.class01.AllAnnotations" time="0.008" errors="0" timestamp="2020-05-20T07:46:37 EDT" skipped="0">
  <testcase classname="com.syntax.class01.AllAnnotations" name="testMethod2" time="0.006"/>
  <system-out/>
  <testcase classname="com.syntax.class01.AllAnnotations" name="testMethod1" time="0.002"/>
  <system-out/>
</testsuite> <!-- com.syntax.class01.AllAnnotations -->
