<?xml version="1.0" encoding="UTF-8"?>
<!-- Generated by org.testng.reporters.JUnitReportReporter -->
<testsuite hostname="DESKTOP-H3GIJ8P" failures="0" tests="1" name="com.syntax.class03.DataProviderTask" time="15.025" errors="0" timestamp="2020-05-21T09:30:45 EDT" skipped="0">
  <testcase classname="com.syntax.class03.DataProviderTask" name="addMultipleEmployee" time="15.025"/>
  <system-out/>
</testsuite> <!-- com.syntax.class03.DataProviderTask -->
