<?xml version="1.0" encoding="UTF-8"?>
<!-- Generated by org.testng.reporters.JUnitReportReporter -->
<testsuite hostname="DESKTOP-H3GIJ8P" failures="0" tests="1" name="com.syntax.class01.DifferentAnnotations" time="0.006" errors="0" timestamp="2020-05-20T06:56:54 EDT" skipped="0">
  <testcase classname="com.syntax.class01.DifferentAnnotations" name="test" time="0.006"/>
  <system-out/>
</testsuite> <!-- com.syntax.class01.DifferentAnnotations -->
