<?xml version="1.0" encoding="UTF-8"?>
<!-- Generated by org.testng.reporters.JUnitReportReporter -->
<testsuite hostname="DESKTOP-H3GIJ8P" failures="0" tests="3" name="com.syntax.class01.TestNGDemo" time="0.007" errors="0" timestamp="2020-05-20T06:58:06 EDT" skipped="0">
  <testcase classname="com.syntax.class01.TestNGDemo" name="testThree" time="0.001"/>
  <system-out/>
  <testcase classname="com.syntax.class01.TestNGDemo" name="testOne" time="0.006"/>
  <system-out/>
  <testcase classname="com.syntax.class01.TestNGDemo" name="testTwo" time="0.000"/>
  <system-out/>
</testsuite> <!-- com.syntax.class01.TestNGDemo -->
