<?xml version="1.0" encoding="UTF-8"?>
<!-- Generated by org.testng.reporters.JUnitReportReporter -->
<testsuite hostname="DESKTOP-H3GIJ8P" failures="0" tests="3" name="com.syntax.class03.DataProviderTask" time="48.126" errors="0" timestamp="2020-05-29T17:18:25 EDT" skipped="0">
  <testcase classname="com.syntax.class03.DataProviderTask" name="addMultipleEmployee" time="15.554"/>
  <system-out/>
  <testcase classname="com.syntax.class03.DataProviderTask" name="addMultipleEmployee" time="18.772"/>
  <system-out/>
  <testcase classname="com.syntax.class03.DataProviderTask" name="addMultipleEmployee" time="13.800"/>
  <system-out/>
</testsuite> <!-- com.syntax.class03.DataProviderTask -->
