<?xml version="1.0" encoding="UTF-8"?>
<!-- Generated by org.testng.reporters.JUnitReportReporter -->
<testsuite hostname="DESKTOP-H3GIJ8P" failures="0" tests="4" name="com.syntax.class02.HWAddEmployee" time="49.114" errors="0" timestamp="2020-05-21T07:08:05 EDT" skipped="0">
  <testcase classname="com.syntax.class02.HWAddEmployee" name="addEmployee" time="14.171"/>
  <system-out/>
  <testcase classname="com.syntax.class02.HWAddEmployee" name="verifyEmployeeAdded" time="13.886"/>
  <system-out/>
  <testcase classname="com.syntax.class02.HWAddEmployee" name="verifyLabels" time="11.204"/>
  <system-out/>
  <testcase classname="com.syntax.class02.HWAddEmployee" name="login" time="9.853"/>
  <system-out/>
</testsuite> <!-- com.syntax.class02.HWAddEmployee -->
