<?xml version="1.0" encoding="UTF-8"?>
<!-- Generated by org.testng.reporters.JUnitReportReporter -->
<testsuite hostname="DESKTOP-H3GIJ8P" failures="0" tests="3" name="com.syntax.class01.TitleLogoAndLoginValidation" time="30.855" errors="0" timestamp="2020-05-20T08:58:44 EDT" skipped="0">
  <testcase classname="com.syntax.class01.TitleLogoAndLoginValidation" name="validLogin" time="12.455"/>
  <system-out/>
  <testcase classname="com.syntax.class01.TitleLogoAndLoginValidation" name="titleValidation" time="9.022"/>
  <system-out/>
  <testcase classname="com.syntax.class01.TitleLogoAndLoginValidation" name="logoValidation" time="9.378"/>
  <system-out/>
</testsuite> <!-- com.syntax.class01.TitleLogoAndLoginValidation -->
