<?xml version="1.0" encoding="UTF-8"?>
<!-- Generated by org.testng.reporters.JUnitReportReporter -->
<testsuite hostname="DESKTOP-H3GIJ8P" failures="0" tests="4" name="com.syntax.class02.HWAddEmployee" time="67.029" errors="0" timestamp="2020-05-23T14:33:47 EDT" skipped="0">
  <testcase classname="com.syntax.class02.HWAddEmployee" name="login" time="10.064"/>
  <system-out/>
  <testcase classname="com.syntax.class02.HWAddEmployee" name="verifyLabels" time="15.978"/>
  <system-out/>
  <testcase classname="com.syntax.class02.HWAddEmployee" name="addEmployee" time="18.103"/>
  <system-out/>
  <testcase classname="com.syntax.class02.HWAddEmployee" name="verifyEmployeeAdded" time="22.884"/>
  <system-out/>
</testsuite> <!-- com.syntax.class02.HWAddEmployee -->
