<?xml version="1.0" encoding="UTF-8"?>
<!-- Generated by org.testng.reporters.JUnitReportReporter -->
<testsuite hostname="DESKTOP-H3GIJ8P" failures="0" tests="1" name="com.syntax.test.HW_1" time="14.381" errors="0" timestamp="2020-05-29T01:38:11 EDT" skipped="0">
  <testcase classname="com.syntax.test.HW_1" name="createLoginCredentials" time="14.381"/>
  <system-out/>
</testsuite> <!-- com.syntax.test.HW_1 -->
