<?xml version="1.0" encoding="UTF-8"?>
<!-- Generated by org.testng.reporters.JUnitReportReporter -->
<testsuite hostname="DESKTOP-H3GIJ8P" failures="0" tests="5" name="com.practice.AddMultipleEmployee" time="71.761" errors="0" timestamp="2020-05-27T17:40:21 EDT" skipped="0">
  <testcase classname="com.practice.AddMultipleEmployee" name="addMultipleEmployee" time="14.769"/>
  <system-out/>
  <testcase classname="com.practice.AddMultipleEmployee" name="addMultipleEmployee" time="14.604"/>
  <system-out/>
  <testcase classname="com.practice.AddMultipleEmployee" name="addMultipleEmployee" time="13.565"/>
  <system-out/>
  <testcase classname="com.practice.AddMultipleEmployee" name="addMultipleEmployee" time="14.646"/>
  <system-out/>
  <testcase classname="com.practice.AddMultipleEmployee" name="addMultipleEmployee" time="14.177"/>
  <system-out/>
</testsuite> <!-- com.practice.AddMultipleEmployee -->
